<testsuites name="jest tests" tests="42" failures="0" time="52.934999999999995">
  <testsuite name="ChaptersContainer" errors="0" failures="0" skipped="0" timestamp="2018-04-04T14:08:38" time="12.432" tests="1">
    <testcase classname="ChaptersContainer - should render" name="ChaptersContainer - should render" time="0.004">
    </testcase>
  </testsuite>
  <testsuite name="Project List Container" errors="0" failures="0" skipped="0" timestamp="2018-04-04T14:08:38" time="12.572" tests="2">
    <testcase classname="Project List Container - is rendered" name="Project List Container - is rendered" time="0.007">
    </testcase>
    <testcase classname="Project List Container - should have prop projects as array" name="Project List Container - should have prop projects as array" time="0.003">
    </testcase>
  </testsuite>
  <testsuite name="ChapterList" errors="0" failures="0" skipped="0" timestamp="2018-04-04T14:08:51" time="1.031" tests="2">
    <testcase classname="ChapterList - should render..." name="ChapterList - should render..." time="0.002">
    </testcase>
    <testcase classname="ChapterList - should return space between contributors" name="ChapterList - should return space between contributors" time="0.001">
    </testcase>
  </testsuite>
  <testsuite name="Projects Filter" errors="0" failures="0" skipped="0" timestamp="2018-04-04T14:08:51" time="1.07" tests="4">
    <testcase classname="Projects Filter - renders" name="Projects Filter - renders" time="0.002">
    </testcase>
    <testcase classname="Projects Filter - has initial state" name="Projects Filter - has initial state" time="0.003">
    </testcase>
    <testcase classname="Projects Filter - changes loaded to true" name="Projects Filter - changes loaded to true" time="0.009">
    </testcase>
    <testcase classname="Projects Filter - has four child elements" name="Projects Filter - has four child elements" time="0.006">
    </testcase>
  </testsuite>
  <testsuite name="SetAudioSource" errors="0" failures="0" skipped="0" timestamp="2018-04-04T14:08:52" time="1.103" tests="1">
    <testcase classname="SetAudioSource - should render" name="SetAudioSource - should render" time="0.002">
    </testcase>
  </testsuite>
  <testsuite name="Home Component, StartHere" errors="0" failures="0" skipped="0" timestamp="2018-04-04T14:08:52" time="1.18" tests="4">
    <testcase classname="Home Component, StartHere - is rendered" name="Home Component, StartHere - is rendered" time="0.002">
    </testcase>
    <testcase classname="Home Component, StartHere - has class, start-here" name="Home Component, StartHere - has class, start-here" time="0.001">
    </testcase>
    <testcase classname="Home Component, StartHere - navigates to project page" name="Home Component, StartHere - navigates to project page" time="0.006">
    </testcase>
    <testcase classname="Home Component, StartHere - has no changes" name="Home Component, StartHere - has no changes" time="0.006">
    </testcase>
  </testsuite>
  <testsuite name="ChaptersContainerAction" errors="0" failures="0" skipped="0" timestamp="2018-04-04T14:08:53" time="0.747" tests="2">
    <testcase classname="ChaptersContainerAction - has action type:FETCH_CHAPTERS_CONTAINER_DATA_SUCCESS and response is not undefined" name="ChaptersContainerAction - has action type:FETCH_CHAPTERS_CONTAINER_DATA_SUCCESS and response is not undefined" time="0.117">
    </testcase>
    <testcase classname="ChaptersContainerAction - has action type:FETCH_CHAPTERS_CONTAINER_DATA_FAILED and response is not undefined" name="ChaptersContainerAction - has action type:FETCH_CHAPTERS_CONTAINER_DATA_FAILED and response is not undefined" time="0.149">
    </testcase>
  </testsuite>
  <testsuite name="Home Component, LogoTitle" errors="0" failures="0" skipped="0" timestamp="2018-04-04T14:08:53" time="1.094" tests="2">
    <testcase classname="Home Component, LogoTitle - is rendered" name="Home Component, LogoTitle - is rendered" time="0.003">
    </testcase>
    <testcase classname="Home Component, LogoTitle - has no changes" name="Home Component, LogoTitle - has no changes" time="0.006">
    </testcase>
  </testsuite>
  <testsuite name="fetchRecentProjects" errors="0" failures="0" skipped="1" timestamp="2018-04-04T14:08:54" time="0.547" tests="2">
    <testcase classname="fetchRecentProjects - has action type:HOME_RECENT_PROJECTS_RECEIVED and response is not null" name="fetchRecentProjects - has action type:HOME_RECENT_PROJECTS_RECEIVED and response is not null" time="0.022">
    </testcase>
    <testcase classname="fetchRecentProjects - has action type:HOME_RECENT_PROJECTS_ERR and response is undefined." name="fetchRecentProjects - has action type:HOME_RECENT_PROJECTS_ERR and response is undefined." time="0">
      <skipped/>
    </testcase>
  </testsuite>
  <testsuite name="Source Audio Action" errors="0" failures="0" skipped="2" timestamp="2018-04-04T14:08:54" time="0.511" tests="3">
    <testcase classname="Source Audio Action - has action type:SOURCE_AUDIO_LOADING and response is not defined" name="Source Audio Action - has action type:SOURCE_AUDIO_LOADING and response is not defined" time="0.056">
    </testcase>
    <testcase classname="Source Audio Action - has action type:SOURCE_AUDIO_SUCCESS and response not null" name="Source Audio Action - has action type:SOURCE_AUDIO_SUCCESS and response not null" time="0">
      <skipped/>
    </testcase>
    <testcase classname="Source Audio Action - has action type:SOURCE_AUDIO_FAILED and response is undefined" name="Source Audio Action - has action type:SOURCE_AUDIO_FAILED and response is undefined" time="0">
      <skipped/>
    </testcase>
  </testsuite>
  <testsuite name="ChunkListContainer" errors="0" failures="0" skipped="0" timestamp="2018-04-04T14:08:38" time="16.641" tests="1">
    <testcase classname="ChunkListContainer - should render" name="ChunkListContainer - should render" time="0.01">
    </testcase>
  </testsuite>
  <testsuite name="ChaptersContainerReducer" errors="0" failures="0" skipped="0" timestamp="2018-04-04T14:08:54" time="0.485" tests="2">
    <testcase classname="ChaptersContainerReducer - should have initial state" name="ChaptersContainerReducer - should have initial state" time="0.002">
    </testcase>
    <testcase classname="ChaptersContainerReducer - should change state" name="ChaptersContainerReducer - should change state" time="0.001">
    </testcase>
  </testsuite>
  <testsuite name="ProjectsListContainer Action" errors="0" failures="0" skipped="0" timestamp="2018-04-04T14:08:55" time="0.403" tests="1">
    <testcase classname="ProjectsListContainer Action - has action type:ALL_PROJECTS_LOADING and ALL_PROJECTS_SUCCESS " name="ProjectsListContainer Action - has action type:ALL_PROJECTS_LOADING and ALL_PROJECTS_SUCCESS " time="0.009">
    </testcase>
  </testsuite>
  <testsuite name="ProjectsListContainerReducer" errors="0" failures="0" skipped="0" timestamp="2018-04-04T14:08:55" time="0.499" tests="3">
    <testcase classname="ProjectsListContainerReducer - should have initial State" name="ProjectsListContainerReducer - should have initial State" time="0.003">
    </testcase>
    <testcase classname="ProjectsListContainerReducer - should change the initial state" name="ProjectsListContainerReducer - should change the initial state" time="0.001">
    </testcase>
    <testcase classname="ProjectsListContainerReducer - should change the initial state" name="ProjectsListContainerReducer - should change the initial state" time="0">
    </testcase>
  </testsuite>
  <testsuite name="ChunkContainerReducer" errors="0" failures="0" skipped="0" timestamp="2018-04-04T14:08:55" time="0.532" tests="3">
    <testcase classname="ChunkContainerReducer - should have initial state" name="ChunkContainerReducer - should have initial state" time="0.003">
    </testcase>
    <testcase classname="ChunkContainerReducer - should change the state" name="ChunkContainerReducer - should change the state" time="0.001">
    </testcase>
    <testcase classname="ChunkContainerReducer - should change the state" name="ChunkContainerReducer - should change the state" time="0.001">
    </testcase>
  </testsuite>
  <testsuite name="Record comments array" errors="0" failures="0" skipped="0" timestamp="2018-04-04T14:08:55" time="0.487" tests="1">
    <testcase classname="Record comments array - check if the comments positions are inverted for the purpose of displaying newest to oldest comments" name="Record comments array - check if the comments positions are inverted for the purpose of displaying newest to oldest comments" time="0.002">
    </testcase>
  </testsuite>
  <testsuite name="Marker" errors="0" failures="0" skipped="0" timestamp="2018-04-04T14:08:55" time="0.489" tests="2">
    <testcase classname="Marker - postions the svg element correctly" name="Marker - postions the svg element correctly" time="0.009">
    </testcase>
    <testcase classname="Marker - calls dragPosition prop when svg is clicked" name="Marker - calls dragPosition prop when svg is clicked" time="0.003">
    </testcase>
  </testsuite>
  <testsuite name="SourceAudioReducer" errors="0" failures="0" skipped="0" timestamp="2018-04-04T14:08:55" time="0.435" tests="3">
    <testcase classname="SourceAudioReducer - should return initial state..." name="SourceAudioReducer - should return initial state..." time="0.002">
    </testcase>
    <testcase classname="SourceAudioReducer - should change the state of loaded and products" name="SourceAudioReducer - should change the state of loaded and products" time="0">
    </testcase>
    <testcase classname="SourceAudioReducer - should have error message" name="SourceAudioReducer - should have error message" time="0">
    </testcase>
  </testsuite>
  <testsuite name="Home Recent Project Reducer" errors="0" failures="0" skipped="0" timestamp="2018-04-04T14:08:55" time="0.379" tests="2">
    <testcase classname="Home Recent Project Reducer - should return initial state" name="Home Recent Project Reducer - should return initial state" time="0.002">
    </testcase>
    <testcase classname="Home Recent Project Reducer - should output the given error" name="Home Recent Project Reducer - should output the given error" time="0">
    </testcase>
  </testsuite>
  <testsuite name="Waveform" errors="0" failures="0" skipped="1" timestamp="2018-04-04T14:08:56" time="0.298" tests="1">
    <testcase classname="Waveform - Passes through audioFile prop to Wavesurfer" name="Waveform - Passes through audioFile prop to Wavesurfer" time="0">
      <skipped/>
    </testcase>
  </testsuite>
</testsuites>